F:\VS2010_PROJECT\SYNTHESIS_ELABORATE_10\DEBUG\SYNTHESIS_ELABORATE_10.EXE
F:\VS2010_PROJECT\SYNTHESIS_ELABORATE_10\DEBUG\SYNTHESIS_ELABORATE_10.ILK
F:\VS2010_PROJECT\SYNTHESIS_ELABORATE_10\DEBUG\SYNTHESIS_ELABORATE_10.PDB
F:\VS2010_PROJECT\SYNTHESIS_ELABORATE_10\SYNTHESIS_ELABORATE_10\DEBUG\ASYNC.OBJ
F:\VS2010_PROJECT\SYNTHESIS_ELABORATE_10\SYNTHESIS_ELABORATE_10\DEBUG\ATTRIB.OBJ
F:\vs2010_project\synthesis_elaborate_10\synthesis_elaborate_10\Debug\cl.command.1.tlog
F:\vs2010_project\synthesis_elaborate_10\synthesis_elaborate_10\Debug\CL.read.1.tlog
F:\vs2010_project\synthesis_elaborate_10\synthesis_elaborate_10\Debug\CL.write.1.tlog
F:\VS2010_PROJECT\SYNTHESIS_ELABORATE_10\SYNTHESIS_ELABORATE_10\DEBUG\CPROP.OBJ
F:\VS2010_PROJECT\SYNTHESIS_ELABORATE_10\SYNTHESIS_ELABORATE_10\DEBUG\DEL-REDUNDANCE.OBJ
F:\VS2010_PROJECT\SYNTHESIS_ELABORATE_10\SYNTHESIS_ELABORATE_10\DEBUG\DESIGN_DUMP.OBJ
F:\VS2010_PROJECT\SYNTHESIS_ELABORATE_10\SYNTHESIS_ELABORATE_10\DEBUG\DETECT_BUFIF.OBJ
F:\VS2010_PROJECT\SYNTHESIS_ELABORATE_10\SYNTHESIS_ELABORATE_10\DEBUG\D-LPM.OBJ
F:\VS2010_PROJECT\SYNTHESIS_ELABORATE_10\SYNTHESIS_ELABORATE_10\DEBUG\DUP_EXPR.OBJ
F:\VS2010_PROJECT\SYNTHESIS_ELABORATE_10\SYNTHESIS_ELABORATE_10\DEBUG\EDIF.OBJ
F:\VS2010_PROJECT\SYNTHESIS_ELABORATE_10\SYNTHESIS_ELABORATE_10\DEBUG\ELAB_ANET.OBJ
F:\VS2010_PROJECT\SYNTHESIS_ELABORATE_10\SYNTHESIS_ELABORATE_10\DEBUG\ELAB_EXPR.OBJ
F:\VS2010_PROJECT\SYNTHESIS_ELABORATE_10\SYNTHESIS_ELABORATE_10\DEBUG\ELAB_LVAL.OBJ
F:\VS2010_PROJECT\SYNTHESIS_ELABORATE_10\SYNTHESIS_ELABORATE_10\DEBUG\ELAB_NET.OBJ
F:\VS2010_PROJECT\SYNTHESIS_ELABORATE_10\SYNTHESIS_ELABORATE_10\DEBUG\ELAB_PEXPR.OBJ
F:\VS2010_PROJECT\SYNTHESIS_ELABORATE_10\SYNTHESIS_ELABORATE_10\DEBUG\ELAB_SCOPE.OBJ
F:\VS2010_PROJECT\SYNTHESIS_ELABORATE_10\SYNTHESIS_ELABORATE_10\DEBUG\ELAB_SIG.OBJ
F:\VS2010_PROJECT\SYNTHESIS_ELABORATE_10\SYNTHESIS_ELABORATE_10\DEBUG\ELABORATE.OBJ
F:\VS2010_PROJECT\SYNTHESIS_ELABORATE_10\SYNTHESIS_ELABORATE_10\DEBUG\EMIT.OBJ
F:\VS2010_PROJECT\SYNTHESIS_ELABORATE_10\SYNTHESIS_ELABORATE_10\DEBUG\EVAL.OBJ
F:\VS2010_PROJECT\SYNTHESIS_ELABORATE_10\SYNTHESIS_ELABORATE_10\DEBUG\EVAL_ATTRIB.OBJ
F:\VS2010_PROJECT\SYNTHESIS_ELABORATE_10\SYNTHESIS_ELABORATE_10\DEBUG\EVAL_TREE.OBJ
F:\VS2010_PROJECT\SYNTHESIS_ELABORATE_10\SYNTHESIS_ELABORATE_10\DEBUG\EXPR_SYNTH.OBJ
F:\VS2010_PROJECT\SYNTHESIS_ELABORATE_10\SYNTHESIS_ELABORATE_10\DEBUG\FF_D_CONNECTED_Q.OBJ
F:\VS2010_PROJECT\SYNTHESIS_ELABORATE_10\SYNTHESIS_ELABORATE_10\DEBUG\FPGA.OBJ
F:\VS2010_PROJECT\SYNTHESIS_ELABORATE_10\SYNTHESIS_ELABORATE_10\DEBUG\FUNCTOR.OBJ
F:\VS2010_PROJECT\SYNTHESIS_ELABORATE_10\SYNTHESIS_ELABORATE_10\DEBUG\GATES.OBJ
F:\VS2010_PROJECT\SYNTHESIS_ELABORATE_10\SYNTHESIS_ELABORATE_10\DEBUG\GENERIC.OBJ
F:\VS2010_PROJECT\SYNTHESIS_ELABORATE_10\SYNTHESIS_ELABORATE_10\DEBUG\HNAME.OBJ
F:\VS2010_PROJECT\SYNTHESIS_ELABORATE_10\SYNTHESIS_ELABORATE_10\DEBUG\LEXOR.OBJ
F:\VS2010_PROJECT\SYNTHESIS_ELABORATE_10\SYNTHESIS_ELABORATE_10\DEBUG\LEXOR_KEYWORD.OBJ
F:\VS2010_PROJECT\SYNTHESIS_ELABORATE_10\SYNTHESIS_ELABORATE_10\DEBUG\LINEINFO.OBJ
F:\vs2010_project\synthesis_elaborate_10\synthesis_elaborate_10\Debug\link.command.1.tlog
F:\vs2010_project\synthesis_elaborate_10\synthesis_elaborate_10\Debug\link.read.1.tlog
F:\vs2010_project\synthesis_elaborate_10\synthesis_elaborate_10\Debug\link.write.1.tlog
F:\VS2010_PROJECT\SYNTHESIS_ELABORATE_10\SYNTHESIS_ELABORATE_10\DEBUG\LINK_CONST.OBJ
F:\VS2010_PROJECT\SYNTHESIS_ELABORATE_10\SYNTHESIS_ELABORATE_10\DEBUG\MAIN.OBJ
F:\VS2010_PROJECT\SYNTHESIS_ELABORATE_10\SYNTHESIS_ELABORATE_10\DEBUG\MODULE.OBJ
F:\vs2010_project\synthesis_elaborate_10\synthesis_elaborate_10\Debug\mt.command.1.tlog
F:\vs2010_project\synthesis_elaborate_10\synthesis_elaborate_10\Debug\mt.read.1.tlog
F:\vs2010_project\synthesis_elaborate_10\synthesis_elaborate_10\Debug\mt.write.1.tlog
F:\VS2010_PROJECT\SYNTHESIS_ELABORATE_10\SYNTHESIS_ELABORATE_10\DEBUG\NET_ASSIGN.OBJ
F:\VS2010_PROJECT\SYNTHESIS_ELABORATE_10\SYNTHESIS_ELABORATE_10\DEBUG\NET_DESIGN.OBJ
F:\VS2010_PROJECT\SYNTHESIS_ELABORATE_10\SYNTHESIS_ELABORATE_10\DEBUG\NET_EVENT.OBJ
F:\VS2010_PROJECT\SYNTHESIS_ELABORATE_10\SYNTHESIS_ELABORATE_10\DEBUG\NET_EXPR.OBJ
F:\VS2010_PROJECT\SYNTHESIS_ELABORATE_10\SYNTHESIS_ELABORATE_10\DEBUG\NET_FORCE.OBJ
F:\VS2010_PROJECT\SYNTHESIS_ELABORATE_10\SYNTHESIS_ELABORATE_10\DEBUG\NET_FUNC.OBJ
F:\VS2010_PROJECT\SYNTHESIS_ELABORATE_10\SYNTHESIS_ELABORATE_10\DEBUG\NET_LINK.OBJ
F:\VS2010_PROJECT\SYNTHESIS_ELABORATE_10\SYNTHESIS_ELABORATE_10\DEBUG\NET_MODULO.OBJ
F:\VS2010_PROJECT\SYNTHESIS_ELABORATE_10\SYNTHESIS_ELABORATE_10\DEBUG\NET_NEX_INPUT.OBJ
F:\VS2010_PROJECT\SYNTHESIS_ELABORATE_10\SYNTHESIS_ELABORATE_10\DEBUG\NET_NEX_OUTPUT.OBJ
F:\VS2010_PROJECT\SYNTHESIS_ELABORATE_10\SYNTHESIS_ELABORATE_10\DEBUG\NET_PROC.OBJ
F:\VS2010_PROJECT\SYNTHESIS_ELABORATE_10\SYNTHESIS_ELABORATE_10\DEBUG\NET_SCOPE.OBJ
F:\VS2010_PROJECT\SYNTHESIS_ELABORATE_10\SYNTHESIS_ELABORATE_10\DEBUG\NET_UDP.OBJ
F:\VS2010_PROJECT\SYNTHESIS_ELABORATE_10\SYNTHESIS_ELABORATE_10\DEBUG\NET_VARIABLE.OBJ
F:\VS2010_PROJECT\SYNTHESIS_ELABORATE_10\SYNTHESIS_ELABORATE_10\DEBUG\NETLATCH.OBJ
F:\VS2010_PROJECT\SYNTHESIS_ELABORATE_10\SYNTHESIS_ELABORATE_10\DEBUG\NETLIST.OBJ
F:\VS2010_PROJECT\SYNTHESIS_ELABORATE_10\SYNTHESIS_ELABORATE_10\DEBUG\NETMEMORY2FF.OBJ
F:\VS2010_PROJECT\SYNTHESIS_ELABORATE_10\SYNTHESIS_ELABORATE_10\DEBUG\NETMISC.OBJ
F:\VS2010_PROJECT\SYNTHESIS_ELABORATE_10\SYNTHESIS_ELABORATE_10\DEBUG\NODANGLE.OBJ
F:\VS2010_PROJECT\SYNTHESIS_ELABORATE_10\SYNTHESIS_ELABORATE_10\DEBUG\OUTPORT_BUFFER.OBJ
F:\VS2010_PROJECT\SYNTHESIS_ELABORATE_10\SYNTHESIS_ELABORATE_10\DEBUG\PAD_TO_WIDTH.OBJ
F:\VS2010_PROJECT\SYNTHESIS_ELABORATE_10\SYNTHESIS_ELABORATE_10\DEBUG\PARSE.OBJ
F:\VS2010_PROJECT\SYNTHESIS_ELABORATE_10\SYNTHESIS_ELABORATE_10\DEBUG\PARSE_MISC.OBJ
F:\VS2010_PROJECT\SYNTHESIS_ELABORATE_10\SYNTHESIS_ELABORATE_10\DEBUG\PDATA.OBJ
F:\VS2010_PROJECT\SYNTHESIS_ELABORATE_10\SYNTHESIS_ELABORATE_10\DEBUG\PDELAYS.OBJ
F:\VS2010_PROJECT\SYNTHESIS_ELABORATE_10\SYNTHESIS_ELABORATE_10\DEBUG\PEVENT.OBJ
F:\VS2010_PROJECT\SYNTHESIS_ELABORATE_10\SYNTHESIS_ELABORATE_10\DEBUG\PEXPR.OBJ
F:\VS2010_PROJECT\SYNTHESIS_ELABORATE_10\SYNTHESIS_ELABORATE_10\DEBUG\PFORM.OBJ
F:\VS2010_PROJECT\SYNTHESIS_ELABORATE_10\SYNTHESIS_ELABORATE_10\DEBUG\PFORM_DUMP.OBJ
F:\VS2010_PROJECT\SYNTHESIS_ELABORATE_10\SYNTHESIS_ELABORATE_10\DEBUG\PFUNCTION.OBJ
F:\VS2010_PROJECT\SYNTHESIS_ELABORATE_10\SYNTHESIS_ELABORATE_10\DEBUG\PGATE.OBJ
F:\VS2010_PROJECT\SYNTHESIS_ELABORATE_10\SYNTHESIS_ELABORATE_10\DEBUG\PTASK.OBJ
F:\VS2010_PROJECT\SYNTHESIS_ELABORATE_10\SYNTHESIS_ELABORATE_10\DEBUG\PUDP.OBJ
F:\VS2010_PROJECT\SYNTHESIS_ELABORATE_10\SYNTHESIS_ELABORATE_10\DEBUG\PWIRE.OBJ
F:\VS2010_PROJECT\SYNTHESIS_ELABORATE_10\SYNTHESIS_ELABORATE_10\DEBUG\RUNINFORECORD.OBJ
F:\VS2010_PROJECT\SYNTHESIS_ELABORATE_10\SYNTHESIS_ELABORATE_10\DEBUG\SET_WIDTH.OBJ
F:\VS2010_PROJECT\SYNTHESIS_ELABORATE_10\SYNTHESIS_ELABORATE_10\DEBUG\STATEMENT.OBJ
F:\VS2010_PROJECT\SYNTHESIS_ELABORATE_10\SYNTHESIS_ELABORATE_10\DEBUG\STRINGHEAP.OBJ
F:\VS2010_PROJECT\SYNTHESIS_ELABORATE_10\SYNTHESIS_ELABORATE_10\DEBUG\SYMBOL_SEARCH.OBJ
F:\VS2010_PROJECT\SYNTHESIS_ELABORATE_10\SYNTHESIS_ELABORATE_10\DEBUG\SYNC.OBJ
F:\VS2010_PROJECT\SYNTHESIS_ELABORATE_10\SYNTHESIS_ELABORATE_10\DEBUG\SYNTH.OBJ
F:\VS2010_PROJECT\SYNTHESIS_ELABORATE_10\SYNTHESIS_ELABORATE_10\DEBUG\SYNTH2.OBJ
F:\VS2010_PROJECT\SYNTHESIS_ELABORATE_10\SYNTHESIS_ELABORATE_10\DEBUG\SYNTHESIS_ELABORATE_10.EXE.INTERMEDIATE.MANIFEST
F:\VS2010_PROJECT\SYNTHESIS_ELABORATE_10\SYNTHESIS_ELABORATE_10\DEBUG\SYS_FUNCS.OBJ
F:\VS2010_PROJECT\SYNTHESIS_ELABORATE_10\SYNTHESIS_ELABORATE_10\DEBUG\TABLES.OBJ
F:\VS2010_PROJECT\SYNTHESIS_ELABORATE_10\SYNTHESIS_ELABORATE_10\DEBUG\TARGET.OBJ
F:\VS2010_PROJECT\SYNTHESIS_ELABORATE_10\SYNTHESIS_ELABORATE_10\DEBUG\TARGETS.OBJ
F:\VS2010_PROJECT\SYNTHESIS_ELABORATE_10\SYNTHESIS_ELABORATE_10\DEBUG\T-DLL.OBJ
F:\VS2010_PROJECT\SYNTHESIS_ELABORATE_10\SYNTHESIS_ELABORATE_10\DEBUG\T-DLL-API.OBJ
F:\VS2010_PROJECT\SYNTHESIS_ELABORATE_10\SYNTHESIS_ELABORATE_10\DEBUG\T-DLL-EXPR.OBJ
F:\VS2010_PROJECT\SYNTHESIS_ELABORATE_10\SYNTHESIS_ELABORATE_10\DEBUG\T-DLL-PROC.OBJ
F:\vs2010_project\synthesis_elaborate_10\synthesis_elaborate_10\Debug\vc100.idb
F:\VS2010_PROJECT\SYNTHESIS_ELABORATE_10\SYNTHESIS_ELABORATE_10\DEBUG\VC100.PDB
F:\VS2010_PROJECT\SYNTHESIS_ELABORATE_10\SYNTHESIS_ELABORATE_10\DEBUG\VERINUM.OBJ
F:\VS2010_PROJECT\SYNTHESIS_ELABORATE_10\SYNTHESIS_ELABORATE_10\DEBUG\VERIREAL.OBJ
F:\VS2010_PROJECT\SYNTHESIS_ELABORATE_10\SYNTHESIS_ELABORATE_10\DEBUG\XNFIO.OBJ
